[backblue.gif]
[fade.gif]
[index.html]
[ajax.googleapis.com/ajax/libs/jquery/1.7.1/jquery.js]
[ajax.googleapis.com/ajax/libs/jqueryui/1.8.2/jquery-ui.js]
[cdnjs.cloudflare.com/ajax/libs/jquery-sheetrock/1.1.4/dist/sheetrock.min.js]
[onlinecheck.inonex.dx.am/img/favicon.ico]
[onlinecheck.inonex.dx.am/img/logo.png]
[onlinecheck.inonex.dx.am/img/Workshop.png]
[onlinecheck.inonex.dx.am/img/ultimaker.png]
[onlinecheck.inonex.dx.am/img/epilog-min.png]
[unpkg.com/sweetalert2@7.12.15/dist/sweetalert2.all.js]
[onlinecheck.inonex.dx.am/index.html]
[ajax.googleapis.com/ajax/libs/jqueryui/1.8.2/themes/base/images/ui-anim_basic_16x16.gif]
[ajax.googleapis.com/ajax/libs/jqueryui/1.8.2/themes/base/images/ui-bg_flat_75_ffffff_40x100.png]
[ajax.googleapis.com/ajax/libs/jqueryui/1.8.2/themes/base/images/ui-bg_highlight-soft_75_cccccc_1x100.png]
[ajax.googleapis.com/ajax/libs/jqueryui/1.8.2/themes/base/images/ui-bg_glass_75_e6e6e6_1x400.png]
[ajax.googleapis.com/ajax/libs/jqueryui/1.8.2/themes/base/images/ui-bg_glass_75_dadada_1x400.png]
[ajax.googleapis.com/ajax/libs/jqueryui/1.8.2/themes/base/images/ui-bg_glass_65_ffffff_1x400.png]
[ajax.googleapis.com/ajax/libs/jqueryui/1.8.2/themes/base/images/ui-bg_glass_55_fbf9ee_1x400.png]
[ajax.googleapis.com/ajax/libs/jqueryui/1.8.2/themes/base/images/ui-bg_glass_95_fef1ec_1x400.png]
[ajax.googleapis.com/ajax/libs/jqueryui/1.8.2/themes/base/images/ui-icons_222222_256x240.png]
[ajax.googleapis.com/ajax/libs/jqueryui/1.8.2/themes/base/images/ui-icons_888888_256x240.png]
[ajax.googleapis.com/ajax/libs/jqueryui/1.8.2/themes/base/images/ui-icons_454545_256x240.png]
[ajax.googleapis.com/ajax/libs/jqueryui/1.8.2/themes/base/images/ui-icons_2e83ff_256x240.png]
[ajax.googleapis.com/ajax/libs/jqueryui/1.8.2/themes/base/images/ui-icons_cd0a0a_256x240.png]
[ajax.googleapis.com/ajax/libs/jqueryui/1.8.2/themes/base/images/ui-bg_flat_0_aaaaaa_40x100.png]
[ajax.googleapis.com/ajax/libs/jqueryui/1.8.2/themes/base/jquery-ui.css]
[onlinecheck.inonex.dx.am/thankyou.html]
[onlinecheck.inonex.dx.am/css/normalize.css]
[onlinecheck.inonex.dx.am/css/demo.css]
[cdn1.iconfinder.com/data/icons/cc_mono_icon_set/blacks/16x16/calendar_2.png]
[onlinecheck.inonex.dx.am/css/Machines.css]
[onlinecheck.inonex.dx.am/css/pater.css]
[onlinecheck.inonex.dx.am/img/epilog.html]
[onlinecheck.inonex.dx.am/js/imagesloaded.pkgd.min.js]
[onlinecheck.inonex.dx.am/js/anime.min.js]
[onlinecheck.inonex.dx.am/js/scrollMonitor.js]
[onlinecheck.inonex.dx.am/js/demo2.js]
[onlinecheck.inonex.dx.am/js/booking.js]
[onlinecheck.inonex.dx.am/fonts/Nexa_Free_Bold-webfont.html]
[onlinecheck.inonex.dx.am/fonts/Nexa_Free_Bold-webfontd41dd41d.html]
[onlinecheck.inonex.dx.am/fonts/Nexa_Free_Bold-webfont-2.html]
[onlinecheck.inonex.dx.am/fonts/Nexa_Free_Bold-webfont-3.html]
[onlinecheck.inonex.dx.am/fonts/Nexa_Free_Bold-webfont-4.html]
[onlinecheck.inonex.dx.am/fonts/Nexa_Free_Bold-webfont.svg]
[onlinecheck.inonex.dx.am/fonts/Gtek.html]
